<?xml version="1.0" encoding="UTF-8"?>
<!-- Generated by org.testng.reporters.JUnitReportReporter -->
<testsuite hostname="Thien-Acer" failures="0" tests="3" name="TestNG.ForgetPassword" time="2.064" errors="0" timestamp="2021-10-29T18:05:56 ICT" skipped="1">
  <testcase classname="TestNG.ForgetPassword" name="FP_01" time="1.064"/>
  <system-out/>
  <testcase classname="TestNG.ForgetPassword" name="FP_02" time="1.000"/>
  <system-out/>
  <testcase classname="TestNG.ForgetPassword" name="FP_03">
    <skipped/>
  </testcase> <!-- FP_03 -->
  <system-out/>
</testsuite> <!-- TestNG.ForgetPassword -->
