<?xml version="1.0" encoding="UTF-8"?>
<!-- Generated by org.testng.reporters.JUnitReportReporter -->
<testsuite hostname="Thien-Acer" failures="0" tests="4" name="TestNG.Login_test$Login_Test" time="5.070" errors="0" timestamp="2021-10-29T17:01:23 ICT" skipped="0">
  <testcase classname="TestNG.Login_test$Login_Test" name="LG_01" time="2.382"/>
  <system-out/>
  <testcase classname="TestNG.Login_test$Login_Test" name="LG_03" time="0.644"/>
  <system-out/>
  <testcase classname="TestNG.Login_test$Login_Test" name="LG_04" time="0.229"/>
  <system-out/>
  <testcase classname="TestNG.Login_test$Login_Test" name="LG_02" time="1.815"/>
  <system-out/>
</testsuite> <!-- TestNG.Login_test$Login_Test -->
